<?xml version="1.0" encoding="UTF-8"?>
<!-- Generated by org.testng.reporters.JUnitXMLReporter -->
<testsuite hostname="Antec" name="Default test" tests="8" failures="0" timestamp="4 Feb 2016 21:06:59 GMT" time="0.022" errors="0">
  <testcase name="@BeforeSuite setupBeforeSuite" time="0.0" classname="com.carru.testNGSample.TouringTest">
    <failure type="org.testng.TestNGException" message="
Parameter &amp;apos;url&amp;apos; is required by @Configuration on method setupBeforeSuite but has not been marked @Optional or defined
in C:\Users\carru\AppData\Local\Temp\testng-eclipse--742937862\testng-customsuite.xml">
      <![CDATA[org.testng.TestNGException: 
Parameter 'url' is required by @Configuration on method setupBeforeSuite but has not been marked @Optional or defined
in C:\Users\carru\AppData\Local\Temp\testng-eclipse--742937862\testng-customsuite.xml
	at org.testng.internal.Parameters.createParameters(Parameters.java:154)
	at org.testng.internal.Parameters.createParameters(Parameters.java:361)
	at org.testng.internal.Parameters.createConfigurationParameters(Parameters.java:84)
	at org.testng.internal.Invoker.invokeConfigurations(Invoker.java:201)
	at org.testng.internal.Invoker.invokeConfigurations(Invoker.java:142)
	at org.testng.SuiteRunner.privateRun(SuiteRunner.java:305)
	at org.testng.SuiteRunner.run(SuiteRunner.java:268)
	at org.testng.SuiteRunnerWorker.runSuite(SuiteRunnerWorker.java:52)
	at org.testng.SuiteRunnerWorker.run(SuiteRunnerWorker.java:86)
	at org.testng.TestNG.runSuitesSequentially(TestNG.java:1244)
	at org.testng.TestNG.runSuitesLocally(TestNG.java:1169)
	at org.testng.TestNG.run(TestNG.java:1064)
	at org.testng.remote.RemoteTestNG.run(RemoteTestNG.java:113)
	at org.testng.remote.RemoteTestNG.initAndRun(RemoteTestNG.java:206)
	at org.testng.remote.RemoteTestNG.main(RemoteTestNG.java:177)
]]>
    </failure>
  </testcase> <!-- @BeforeSuite setupBeforeSuite -->
  <testcase name="step1Age" time="0.0" classname="com.carru.testNGSample.TouringTest">
    <skipped/>
  </testcase> <!-- step1Age -->
  <testcase name="step2Bonus" time="0.0" classname="com.carru.testNGSample.TouringTest">
    <skipped/>
  </testcase> <!-- step2Bonus -->
  <testcase name="step3PostalCode" time="0.0" classname="com.carru.testNGSample.TouringTest">
    <skipped/>
  </testcase> <!-- step3PostalCode -->
  <testcase name="step4Car" time="0.0" classname="com.carru.testNGSample.TouringTest">
    <skipped/>
  </testcase> <!-- step4Car -->
  <testcase name="step5Value" time="0.0" classname="com.carru.testNGSample.TouringTest">
    <skipped/>
  </testcase> <!-- step5Value -->
  <testcase name="step6Profile" time="0.0" classname="com.carru.testNGSample.TouringTest">
    <skipped/>
  </testcase> <!-- step6Profile -->
  <testcase name="step7Email" time="0.0" classname="com.carru.testNGSample.TouringTest">
    <skipped/>
  </testcase> <!-- step7Email -->
  <testcase name="step8Prices" time="0.0" classname="com.carru.testNGSample.TouringTest">
    <skipped/>
  </testcase> <!-- step8Prices -->
</testsuite> <!-- Default test -->
